{
  "stats": {
    "suites": 1,
    "tests": 1,
    "passes": 1,
    "pending": 0,
    "failures": 0,
    "start": "2022-10-25T10:26:10.660Z",
    "end": "2022-10-25T10:26:25.744Z",
    "duration": 15084,
    "testsRegistered": 1,
    "passPercent": 100,
    "pendingPercent": 0,
    "other": 0,
    "hasOther": false,
    "skipped": 0,
    "hasSkipped": false
  },
  "results": [
    {
      "uuid": "0c321705-0b5e-4b74-b798-e99dbfca732b",
      "title": "",
      "fullFile": "cypress\\integration\\examples\\Test6.js",
      "file": "cypress\\integration\\examples\\Test6.js",
      "beforeHooks": [],
      "afterHooks": [],
      "tests": [],
      "suites": [
        {
          "uuid": "9e87fd3e-5d56-4e38-b150-8317ce952f63",
          "title": "My sixth test suite!",
          "fullFile": "",
          "file": "",
          "beforeHooks": [],
          "afterHooks": [],
          "tests": [
            {
              "title": "My first test case!",
              "fullTitle": "My sixth test suite! My first test case!",
              "timedOut": null,
              "duration": 10918,
              "state": "passed",
              "speed": "slow",
              "pass": true,
              "fail": false,
              "pending": false,
              "context": null,
              "code": "cy.visit('https://rahulshettyacademy.com/AutomationPractice/'); //Handling Web tables with Cypress using each command\ncy.get('table[name=\"courses\"]>tbody>tr').each(($el, index, $list) => {\n  //Way1\n  if ($el.find('td').eq(1).text() == 'Master Selenium Automation in simple Python Language') {\n    cy.wrap($el).find('td').eq(2).should('have.text', '25');\n  } //Way2\n\n  if ($el.find('td:nth-child(2)').text() == 'Master Selenium Automation in simple Python Language') {\n    cy.wrap($el).find('td:nth-child(3)').should('have.text', 25);\n  }\n}); //Way3\ncy.get('table[name=\"courses\"]>tbody>tr>td:nth-child(2)').each(($el, index, $list) => {\n  if ($el.text() == 'Master Selenium Automation in simple Python Language') {\n    //next():Get the immediately following sibling of each DOM element within a set of DOM elements.\n    //travel to sibling with next() and it works only on cy.get() method\n    //https://docs.cypress.io/api/commands/next \n    //cy.wrap($el).next().should('have.text', 25)\n    //cy.get('table[name=\"courses\"]>tbody>tr>td:nth-child(2)').eq(index).next().should('have.text', '25')\n    cy.get('table[name=\"courses\"]>tbody>tr>td:nth-child(2)').eq(index).next().then(function (price) {\n      expect(price.text()).to.eq('25');\n    });\n  }\n});",
              "err": {},
              "uuid": "dc1eb949-3ed0-42a4-ab53-2126f42db8c1",
              "parentUUID": "9e87fd3e-5d56-4e38-b150-8317ce952f63",
              "isHook": false,
              "skipped": false
            }
          ],
          "suites": [],
          "passes": [
            "dc1eb949-3ed0-42a4-ab53-2126f42db8c1"
          ],
          "failures": [],
          "pending": [],
          "skipped": [],
          "duration": 10918,
          "root": false,
          "rootEmpty": false,
          "_timeout": 2000
        }
      ],
      "passes": [],
      "failures": [],
      "pending": [],
      "skipped": [],
      "duration": 0,
      "root": true,
      "rootEmpty": true,
      "_timeout": 2000
    }
  ],
  "meta": {
    "mocha": {
      "version": "7.0.1"
    },
    "mochawesome": {
      "options": {
        "quiet": false,
        "reportFilename": "mochawesome",
        "saveHtml": true,
        "saveJson": true,
        "consoleReporter": "spec",
        "useInlineDiffs": false,
        "code": true
      },
      "version": "7.1.3"
    },
    "marge": {
      "options": null,
      "version": "6.2.0"
    }
  }
}